<?xml version="1.0" encoding="UTF-8"?>
<testng-results ignored="0" total="1" passed="1" failed="0" skipped="0">
  <reporter-output>
  </reporter-output>
  <suite started-at="2021-07-22T16:43:36 IST" name="Default suite" finished-at="2021-07-22T16:43:40 IST" duration-ms="4362">
    <groups>
    </groups>
    <test started-at="2021-07-22T16:43:36 IST" name="Default test" finished-at="2021-07-22T16:43:40 IST" duration-ms="4362">
      <class name="TestRestAssured.TestRestAssured.Test01_Post">
        <test-method signature="test01()[pri:0, instance:TestRestAssured.TestRestAssured.Test01_Post@2a32de6c]" started-at="2021-07-22T16:43:36 IST" name="test01" finished-at="2021-07-22T16:43:40 IST" duration-ms="4286" status="PASS">
          <reporter-output>
          </reporter-output>
        </test-method> <!-- test01 -->
      </class> <!-- TestRestAssured.TestRestAssured.Test01_Post -->
    </test> <!-- Default test -->
  </suite> <!-- Default suite -->
</testng-results>
